Arguments: 
  C:\Program Files\nodejs\node.exe C:\Program Files (x86)\Yarn\bin\yarn.js add node-sass -D

PATH: 
  D:\Study\BraveWheel\JiRenGu_Wheel\node_modules\.bin;D:\app\client\Administrator\product\12.1.0\client_2;D:\app\client\Administrator\product\12.1.0\client_2\bin;D:\app\client\Administrator\product\12.2.0\client_1;D:\app\client\Administrator\product\12.2.0\client_1\bin;D:\Work_DataBase\WINDOWS.X64_193000_db_home\bin;C:\Program Files (x86)\Common Files\Oracle\Java\javapath;C:\Program Files\Java\jdk1.8.0_202\bin;C:\Windows\system32;C:\Windows;C:\Windows\System32\Wbem;C:\Windows\System32\WindowsPowerShell\v1.0\;C:\Windows\System32\OpenSSH\;C:\Program Files (x86)\NVIDIA Corporation\PhysX\Common;C:\Program Files\NVIDIA Corporation\NVIDIA NvDLISR;C:\Program Files\Microsoft\Web Platform Installer\;C:\Program Files (x86)\Microsoft ASP.NET\ASP.NET Web Pages\v1.0\;C:\Program Files\Microsoft SQL Server\110\Tools\Binn\;C:\Program Files\Git\cmd;C:\Program Files\Java\jdk1.8.0_202\jre\bin;C:\Users\Administrator\.dnx\bin;C:\Program Files\Microsoft DNX\Dnvm\;C:\Program Files\Microsoft SQL Server\120\Tools\Binn\;C:\Program Files\Microsoft SQL Server\130\Tools\Binn\;D:\AppData\Local\Android\android-sdk\platform-tools;D:\AppData\Local\Android\android-sdk\tools;D:\SDK\gradle-5.6.2-all\bin;D:\soft\gradle\gradle-5.6.3;D:\soft\gradle\gradle-5.6.3\bin;C:\Program Files\dotnet\;C:\WINDOWS\system32;C:\WINDOWS;C:\WINDOWS\System32\Wbem;C:\WINDOWS\System32\WindowsPowerShell\v1.0\;C:\WINDOWS\System32\OpenSSH\;C:\Program Files (x86)\Yarn\bin\;C:\Program Files\nodejs\;C:\Users\Administrator\.windows-build-tools\python27\;C:\Users\Administrator\AppData\Local\Microsoft\WindowsApps;D:\Work_IDE\apache-maven-3.6.1\bin\;C:\AppData\Local\Programs\Microsoft VS Code\bin;C:\Users\Administrator\AppData\Local\GitHubDesktop\bin;C:\Users\Administrator\.dotnet\tools;C:\Users\Administrator\AppData\Local\Microsoft\WindowsApps;C:\Users\Administrator\AppData\Local\Yarn\bin;C:\Users\Administrator\AppData\Roaming\npm\node_modules\cnpm\bin;C:\Users\Administrator\AppData\Roaming\npm

Yarn version: 
  1.22.4

Node version: 
  14.7.0

Platform: 
  win32 x64

Trace: 
  Error: EPERM: operation not permitted, unlink 'D:\Study\BraveWheel\JiRenGu_Wheel\node_modules\deasync\bin\win32-x64-node-14\deasync.node'

npm manifest: 
  {
    "name": "jirengu_wheel",
    "version": "1.0.0",
    "description": "Test JiRenGu wheel",
    "main": "index.js",
    "dependencies": {
      "parcel-bundler": "^1.9.2",
      "vue": "^2.6.11"
    },
    "devDependencies": {
      "@vue/component-compiler-utils": "^3.2.0",
      "vue-template-compiler": "^2.6.11"
    },
    "scripts": {
      "test": "dev"
    },
    "repository": {
      "type": "git",
      "url": "git+https://github.com/Laneno/JiRenGu_Wheel.git"
    },
    "keywords": [
      "vue",
      "jirengu"
    ],
    "author": "Lann",
    "license": "MIT",
    "bugs": {
      "url": "https://github.com/Laneno/JiRenGu_Wheel/issues"
    },
    "homepage": "https://github.com/Laneno/JiRenGu_Wheel#readme"
  }

yarn manifest: 
  No manifest

Lockfile: 
  No lockfile
